This is pdfTeX, Version 3.14159265-2.6-1.40.18 (TeX Live 2017) (preloaded format=pdflatex 2017.10.22)  11 MAR 2018 16:40
entering extended mode
 restricted \write18 enabled.
 file:line:error style messages enabled.
 %&-line parsing enabled.
**umthsmpl.tex
(./umthsmpl.tex
LaTeX2e <2017-04-15>
Babel <3.14> and hyphenation patterns for 84 language(s) loaded.
(./umassthesis.cls
Document Class: umassthesis 2014/04/16 v1.26 U.Mass. dissertation class
(/usr/local/texlive/2017/texmf-dist/tex/latex/base/report.cls
Document Class: report 2014/09/29 v1.4h Standard LaTeX document class
(/usr/local/texlive/2017/texmf-dist/tex/latex/base/size12.clo
File: size12.clo 2014/09/29 v1.4h Standard LaTeX file (size option)
)
\c@part=\count79
\c@chapter=\count80
\c@section=\count81
\c@subsection=\count82
\c@subsubsection=\count83
\c@paragraph=\count84
\c@subparagraph=\count85
\c@figure=\count86
\c@table=\count87
\abovecaptionskip=\skip41
\belowcaptionskip=\skip42
\bibindent=\dimen102
)
(/usr/local/texlive/2017/texmf-dist/tex/latex/textcase/textcase.sty
Package: textcase 2004/10/07 v0.07 Text only upper/lower case changing (DPC)
)
(/usr/local/texlive/2017/texmf-dist/tex/latex/etoolbox/etoolbox.sty
Package: etoolbox 2017/01/02 v2.4 e-TeX tools for LaTeX (JAW)
\etb@tempcnta=\count88
)
(./umth12pt.clo
File: umth12pt.clo 1997/09/08 16:03:30 1.3 U.Mass. thesis (size option)
)
\c@count@FrontMatter=\count89
\c@count@Chapter=\count90
\c@count@Appendix=\count91
\c@count@BackMatter=\count92

Patching chapter command 1 succeeded
Patching chapter command 2 succeeded
Patching chapter command 3 succeeded
Appending to chapter command succeeded
\umassthesis@contentshangindent=\skip43
\tablenumberwidth=\skip44
(./umthstd.clo
File: umthstd.clo 2003/10/16 20:56:33 1.12 U.Mass. thesis frontmatter option
)
\umassthesis@basefootnotesep=\skip45
\umassthesis@baseskipfootins=\skip46

Patching footnotetext succeeded
) (/usr/local/texlive/2017/texmf-dist/tex/latex/graphics/graphicx.sty
Package: graphicx 2017/06/01 v1.1a Enhanced LaTeX Graphics (DPC,SPQR)

(/usr/local/texlive/2017/texmf-dist/tex/latex/graphics/keyval.sty
Package: keyval 2014/10/28 v1.15 key=value parser (DPC)
\KV@toks@=\toks14
)
(/usr/local/texlive/2017/texmf-dist/tex/latex/graphics/graphics.sty
Package: graphics 2017/06/25 v1.2c Standard LaTeX Graphics (DPC,SPQR)

(/usr/local/texlive/2017/texmf-dist/tex/latex/graphics/trig.sty
Package: trig 2016/01/03 v1.10 sin cos tan (DPC)
)
(/usr/local/texlive/2017/texmf-dist/tex/latex/graphics-cfg/graphics.cfg
File: graphics.cfg 2016/06/04 v1.11 sample graphics configuration
)
Package graphics Info: Driver file: pdftex.def on input line 99.

(/usr/local/texlive/2017/texmf-dist/tex/latex/graphics-def/pdftex.def
File: pdftex.def 2017/06/24 v1.0g Graphics/color driver for pdftex
))
\Gin@req@height=\dimen103
\Gin@req@width=\dimen104
)
(/usr/local/texlive/2017/texmf-dist/tex/latex/url/url.sty
\Urlmuskip=\muskip10
Package: url 2013/09/16  ver 3.4  Verb mode for urls, etc.
)
(/usr/local/texlive/2017/texmf-dist/tex/latex/amsmath/amsmath.sty
Package: amsmath 2017/09/02 v2.17a AMS math features
\@mathmargin=\skip47

For additional information on amsmath, use the `?' option.
(/usr/local/texlive/2017/texmf-dist/tex/latex/amsmath/amstext.sty
Package: amstext 2000/06/29 v2.01 AMS text

(/usr/local/texlive/2017/texmf-dist/tex/latex/amsmath/amsgen.sty
File: amsgen.sty 1999/11/30 v2.0 generic functions
\@emptytoks=\toks15
\ex@=\dimen105
))
(/usr/local/texlive/2017/texmf-dist/tex/latex/amsmath/amsbsy.sty
Package: amsbsy 1999/11/29 v1.2d Bold Symbols
\pmbraise@=\dimen106
)
(/usr/local/texlive/2017/texmf-dist/tex/latex/amsmath/amsopn.sty
Package: amsopn 2016/03/08 v2.02 operator names
)
\inf@bad=\count93
LaTeX Info: Redefining \frac on input line 213.
\uproot@=\count94
\leftroot@=\count95
LaTeX Info: Redefining \overline on input line 375.
\classnum@=\count96
\DOTSCASE@=\count97
LaTeX Info: Redefining \ldots on input line 472.
LaTeX Info: Redefining \dots on input line 475.
LaTeX Info: Redefining \cdots on input line 596.
\Mathstrutbox@=\box26
\strutbox@=\box27
\big@size=\dimen107
LaTeX Font Info:    Redeclaring font encoding OML on input line 712.
LaTeX Font Info:    Redeclaring font encoding OMS on input line 713.
\macc@depth=\count98
\c@MaxMatrixCols=\count99
\dotsspace@=\muskip11
\c@parentequation=\count100
\dspbrk@lvl=\count101
\tag@help=\toks16
\row@=\count102
\column@=\count103
\maxfields@=\count104
\andhelp@=\toks17
\eqnshift@=\dimen108
\alignsep@=\dimen109
\tagshift@=\dimen110
\tagwidth@=\dimen111
\totwidth@=\dimen112
\lineht@=\dimen113
\@envbody=\toks18
\multlinegap=\skip48
\multlinetaggap=\skip49
\mathdisplay@stack=\toks19
LaTeX Info: Redefining \[ on input line 2817.
LaTeX Info: Redefining \] on input line 2818.
)
(/usr/local/texlive/2017/texmf-dist/tex/latex/cite/cite.sty
LaTeX Info: Redefining \cite on input line 302.
LaTeX Info: Redefining \nocite on input line 332.
Package: cite 2015/02/27  v 5.5
)
Did not detect hyperref package
(./umthsmpl.aux)
\openout1 = `umthsmpl.aux'.

LaTeX Font Info:    Checking defaults for OML/cmm/m/it on input line 7.
LaTeX Font Info:    ... okay on input line 7.
LaTeX Font Info:    Checking defaults for T1/cmr/m/n on input line 7.
LaTeX Font Info:    ... okay on input line 7.
LaTeX Font Info:    Checking defaults for OT1/cmr/m/n on input line 7.
LaTeX Font Info:    ... okay on input line 7.
LaTeX Font Info:    Checking defaults for OMS/cmsy/m/n on input line 7.
LaTeX Font Info:    ... okay on input line 7.
LaTeX Font Info:    Checking defaults for OMX/cmex/m/n on input line 7.
LaTeX Font Info:    ... okay on input line 7.
LaTeX Font Info:    Checking defaults for U/cmr/m/n on input line 7.
LaTeX Font Info:    ... okay on input line 7.

(/usr/local/texlive/2017/texmf-dist/tex/context/base/mkii/supp-pdf.mkii
[Loading MPS to PDF converter (version 2006.09.02).]
\scratchcounter=\count105
\scratchdimen=\dimen114
\scratchbox=\box28
\nofMPsegments=\count106
\nofMParguments=\count107
\everyMPshowfont=\toks20
\MPscratchCnt=\count108
\MPscratchDim=\dimen115
\MPnumerator=\count109
\makeMPintoPDFobject=\count110
\everyMPtoPDFconversion=\toks21
) (/usr/local/texlive/2017/texmf-dist/tex/latex/oberdiek/epstopdf-base.sty
Package: epstopdf-base 2016/05/15 v2.6 Base part for package epstopdf

(/usr/local/texlive/2017/texmf-dist/tex/generic/oberdiek/infwarerr.sty
Package: infwarerr 2016/05/16 v1.4 Providing info/warning/error messages (HO)
)
(/usr/local/texlive/2017/texmf-dist/tex/latex/oberdiek/grfext.sty
Package: grfext 2016/05/16 v1.2 Manage graphics extensions (HO)

(/usr/local/texlive/2017/texmf-dist/tex/generic/oberdiek/kvdefinekeys.sty
Package: kvdefinekeys 2016/05/16 v1.4 Define keys (HO)

(/usr/local/texlive/2017/texmf-dist/tex/generic/oberdiek/ltxcmds.sty
Package: ltxcmds 2016/05/16 v1.23 LaTeX kernel commands for general use (HO)
)))
(/usr/local/texlive/2017/texmf-dist/tex/latex/oberdiek/kvoptions.sty
Package: kvoptions 2016/05/16 v3.12 Key value format for package options (HO)

(/usr/local/texlive/2017/texmf-dist/tex/generic/oberdiek/kvsetkeys.sty
Package: kvsetkeys 2016/05/16 v1.17 Key value parser (HO)

(/usr/local/texlive/2017/texmf-dist/tex/generic/oberdiek/etexcmds.sty
Package: etexcmds 2016/05/16 v1.6 Avoid name clashes with e-TeX commands (HO)

(/usr/local/texlive/2017/texmf-dist/tex/generic/oberdiek/ifluatex.sty
Package: ifluatex 2016/05/16 v1.4 Provides the ifluatex switch (HO)
Package ifluatex Info: LuaTeX not detected.
)
Package etexcmds Info: Could not find \expanded.
(etexcmds)             That can mean that you are not using pdfTeX 1.50 or
(etexcmds)             that some package has redefined \expanded.
(etexcmds)             In the latter case, load this package earlier.
)))
(/usr/local/texlive/2017/texmf-dist/tex/generic/oberdiek/pdftexcmds.sty
Package: pdftexcmds 2017/03/19 v0.25 Utility functions of pdfTeX for LuaTeX (HO
)

(/usr/local/texlive/2017/texmf-dist/tex/generic/oberdiek/ifpdf.sty
Package: ifpdf 2017/03/15 v3.2 Provides the ifpdf switch
)
Package pdftexcmds Info: LuaTeX not detected.
Package pdftexcmds Info: \pdf@primitive is available.
Package pdftexcmds Info: \pdf@ifprimitive is available.
Package pdftexcmds Info: \pdfdraftmode found.
)
Package epstopdf-base Info: Redefining graphics rule for `.eps' on input line 4
38.
Package grfext Info: Graphics extension search list:
(grfext)             [.pdf,.png,.jpg,.mps,.jpeg,.jbig2,.jb2,.PDF,.PNG,.JPG,.JPE
G,.JBIG2,.JB2,.eps]
(grfext)             \AppendGraphicsExtensions on input line 456.

(/usr/local/texlive/2017/texmf-dist/tex/latex/latexconfig/epstopdf-sys.cfg
File: epstopdf-sys.cfg 2010/07/13 v1.3 Configuration of (r)epstopdf for TeX Liv
e
))
[1

{/usr/local/texlive/2017/texmf-var/fonts/map/pdftex/updmap/pdftex.map}]
LaTeX Font Info:    Try loading font information for OMS+cmr on input line 29.

(/usr/local/texlive/2017/texmf-dist/tex/latex/base/omscmr.fd
File: omscmr.fd 2014/09/29 v2.5h Standard LaTeX font definitions
)
LaTeX Font Info:    Font shape `OMS/cmr/m/n' in size <12> not available
(Font)              Font shape `OMS/cmsy/m/n' tried instead on input line 29.
 [2

]
\lenguide=\skip50
 [3

]
(./abstract.tex [4


]) [5] [6] (./umthsmpl.toc)
\tf@toc=\write3
\openout3 = `umthsmpl.toc'.

 [7

] [8] (./umthsmpl.lot)
\tf@lot=\write4
\openout4 = `umthsmpl.lot'.

 [9

]
(./umthsmpl.lof [10

])
\tf@lof=\write5
\openout5 = `umthsmpl.lof'.

 [11] (./intro.tex [1


] [2] [3]) (./ch1.tex [4]
Chapter 1.
<graphics/attacks.png, id=55, 741.52031pt x 506.6428pt>
File: graphics/attacks.png Graphic file (type png)
<use graphics/attacks.png>
Package pdftex.def Info: graphics/attacks.png  used on input line 19. on input 
line 19.
Package pdftex.def Info: Requested size: 433.62pt x 296.27275pt on input line 1
9.
[5

] [6 <./graphics/attacks.png>] [7] [8] [9]
<graphics/linking2.png, id=82, 614.295pt x 484.81125pt>
File: graphics/linking2.png Graphic file (type png)
<use graphics/linking2.png>
Package pdftex.def Info: graphics/linking2.png  used on input line 107. on inpu
t line 107.
Package pdftex.def Info: Requested size: 303.53267pt x 239.55695pt on input lin
e 107.
<graphics/senegalmap.png, id=84, 2278.5125pt x 1824.8175pt>
File: graphics/senegalmap.png Graphic file (type png)
<use graphics/senegalmap.png>
Package pdftex.def Info: graphics/senegalmap.png  used on input line 114. on in
put line 114.
Package pdftex.def Info: Requested size: 433.62pt x 347.27582pt on input line 1
14.
<graphics/mtt.png, id=85, 401.0985pt x 272.4579pt>
File: graphics/mtt.png Graphic file (type png)
<use graphics/mtt.png>
Package pdftex.def Info: graphics/mtt.png  used on input line 125. on input lin
e 125.
Package pdftex.def Info: Requested size: 303.53267pt x 206.18462pt on input lin
e 125.
 [10] [11 <./graphics/linking2.png>] [12 <./graphics/senegalmap.png>]) (./ch2.t
ex [13 <./graphics/mtt.png>]
Chapter 2.
[14

] [15]
<graphics/amherst_tput_map.pdf, id=109, pagebox=cropbox, 361.35pt x 361.35pt>
File: graphics/amherst_tput_map.pdf Graphic file (type pdf)
<use graphics/amherst_tput_map.pdf>
Package pdftex.def Info: graphics/amherst_tput_map.pdf  used on input line 57. 
on input line 57.
Package pdftex.def Info: Requested size: 216.81pt x 216.81168pt on input line 5
7.
<graphics/umass_tput_map.pdf, id=110, pagebox=cropbox, 361.35pt x 361.35pt>
File: graphics/umass_tput_map.pdf Graphic file (type pdf)
<use graphics/umass_tput_map.pdf>
Package pdftex.def Info: graphics/umass_tput_map.pdf  used on input line 58. on
 input line 58.
Package pdftex.def Info: Requested size: 216.81pt x 216.81168pt on input line 5
8.

Overfull \hbox (2.61108pt too wide) in paragraph at lines 57--60
[][] [] 
 []

[16 <./graphics/amherst_tput_map.pdf> <./graphics/umass_tput_map.pdf>] [17]
Overfull \hbox (7.14554pt too wide) in paragraph at lines 141--156
 [][] 
 []

[18]
<graphics/tputlength.png, id=132, 398.2077pt x 272.4579pt>
File: graphics/tputlength.png Graphic file (type png)
<use graphics/tputlength.png>
Package pdftex.def Info: graphics/tputlength.png  used on input line 164. on in
put line 164.
Package pdftex.def Info: Requested size: 303.53267pt x 207.68959pt on input lin
e 164.
) (./ch3.tex [19 <./graphics/tputlength.png>] [20]
Chapter 3.
[21

] [22]
Overfull \hbox (11.82887pt too wide) in paragraph at lines 44--45
 \OT1/cmr/bx/n/12 Pre-lim-i-nary anal-y-sis \OT1/cmr/m/n/12 The ex-ist-ing data
set con-tains 350000 im-pres-sions from 141000
 []

<graphics/numimpressions.png, id=147, 396.48125pt x 279.0425pt>
File: graphics/numimpressions.png Graphic file (type png)
<use graphics/numimpressions.png>
Package pdftex.def Info: graphics/numimpressions.png  used on input line 48. on
 input line 48.
Package pdftex.def Info: Requested size: 216.81pt x 152.59247pt on input line 4
8.
<graphics/sigstays.png, id=148, 390.45876pt x 279.0425pt>
File: graphics/sigstays.png Graphic file (type png)
<use graphics/sigstays.png>
Package pdftex.def Info: graphics/sigstays.png  used on input line 49. on input
 line 49.
Package pdftex.def Info: Requested size: 216.81pt x 154.9428pt on input line 49
.

Overfull \hbox (2.61108pt too wide) in paragraph at lines 48--50
[][] [] 
 []

<graphics/impressions.png, id=149, 390.45876pt x 279.0425pt>
File: graphics/impressions.png Graphic file (type png)
<use graphics/impressions.png>
Package pdftex.def Info: graphics/impressions.png  used on input line 56. on in
put line 56.
Package pdftex.def Info: Requested size: 303.53267pt x 216.92844pt on input lin
e 56.
[23] [24 <./graphics/numimpressions.png> <./graphics/sigstays.png> <./graphics/
impressions.png>] [25]) (./ch4.tex [26]
Chapter 4.

LaTeX Warning: Citation `sung:2014' on page 27 undefined on input line 3.

[27

]

LaTeX Warning: Citation `sung:2014' on page 28 undefined on input line 26.

[28]
<graphics/mulder.pdf, id=173, pagebox=cropbox, 361.35pt x 361.35pt>
File: graphics/mulder.pdf Graphic file (type pdf)
<use graphics/mulder.pdf>
Package pdftex.def Info: graphics/mulder.pdf  used on input line 50. on input l
ine 50.
Package pdftex.def Info: Requested size: 303.53267pt x 303.53194pt on input lin
e 50.
 [29] [30 <./graphics/mulder.pdf>]
<graphics/pageknock.png, id=187, 1505.625pt x 1204.5pt>
File: graphics/pageknock.png Graphic file (type png)
<use graphics/pageknock.png>
Package pdftex.def Info: graphics/pageknock.png  used on input line 77. on inpu
t line 77.
Package pdftex.def Info: Requested size: 390.25534pt x 312.2069pt on input line
 77.
 [31 <./graphics/pageknock.png>]
Overfull \hbox (6.66988pt too wide) in paragraph at lines 107--108
[]\OT1/cmr/m/n/12 How ef-fec-tive would lo-ca-tion pro-fil-ing and tra-jec-tory
 link-ing be in de-anonymizing
 []

) (./ch5.tex [32]
Chapter 5.
) (./umthsmpl.bbl [33

] [34

]
Missing character: There is no â in font cmr12!
Missing character: There is no € in font cmr12!
Missing character: There is no ™ in font cmr12!
 [35]) [36] (./umthsmpl.aux)

LaTeX Warning: There were undefined references.

 ) 
Here is how much of TeX's memory you used:
 2914 strings out of 492990
 39731 string characters out of 6132635
 103542 words of memory out of 5000000
 6386 multiletter control sequences out of 15000+600000
 10479 words of font info for 38 fonts, out of 8000000 for 9000
 1141 hyphenation exceptions out of 8191
 41i,10n,25p,1056b,265s stack positions out of 5000i,500n,10000p,200000b,80000s
</usr/local/texlive/2017/texmf-dist/fonts/type1/public/amsfonts/cm/cmbx10.pfb
></usr/local/texlive/2017/texmf-dist/fonts/type1/public/amsfonts/cm/cmbx12.pfb>
</usr/local/texlive/2017/texmf-dist/fonts/type1/public/amsfonts/cm/cmbx6.pfb></
usr/local/texlive/2017/texmf-dist/fonts/type1/public/amsfonts/cm/cmbx8.pfb></us
r/local/texlive/2017/texmf-dist/fonts/type1/public/amsfonts/cm/cmex10.pfb></usr
/local/texlive/2017/texmf-dist/fonts/type1/public/amsfonts/cm/cmmi12.pfb></usr/
local/texlive/2017/texmf-dist/fonts/type1/public/amsfonts/cm/cmmi6.pfb></usr/lo
cal/texlive/2017/texmf-dist/fonts/type1/public/amsfonts/cm/cmmi8.pfb></usr/loca
l/texlive/2017/texmf-dist/fonts/type1/public/amsfonts/cm/cmr10.pfb></usr/local/
texlive/2017/texmf-dist/fonts/type1/public/amsfonts/cm/cmr12.pfb></usr/local/te
xlive/2017/texmf-dist/fonts/type1/public/amsfonts/cm/cmr7.pfb></usr/local/texli
ve/2017/texmf-dist/fonts/type1/public/amsfonts/cm/cmr8.pfb></usr/local/texlive/
2017/texmf-dist/fonts/type1/public/amsfonts/cm/cmsy10.pfb></usr/local/texlive/2
017/texmf-dist/fonts/type1/public/amsfonts/cm/cmsy6.pfb></usr/local/texlive/201
7/texmf-dist/fonts/type1/public/amsfonts/cm/cmsy8.pfb></usr/local/texlive/2017/
texmf-dist/fonts/type1/public/amsfonts/cm/cmti12.pfb></usr/local/texlive/2017/t
exmf-dist/fonts/type1/public/amsfonts/cm/cmtt10.pfb>
Output written on umthsmpl.pdf (47 pages, 1362393 bytes).
PDF statistics:
 265 PDF objects out of 1000 (max. 8388607)
 174 compressed objects within 2 object streams
 0 named destinations out of 1000 (max. 500000)
 61 words of extra memory for PDF output out of 10000 (max. 10000000)

